Arguments: 
  C:\Program Files\nodejs\node.exe C:\Users\Annakks\AppData\Roaming\npm\node_modules\yarn\bin\yarn.js add express

PATH: 
  C:\Program Files\Common Files\Oracle\Java\javapath;C:\WINDOWS;C:\WINDOWS\system32;C:\WINDOWS\System32\Wbem;C:\WINDOWS\System32\WindowsPowerShell\v1.0\;C:\WINDOWS\System32\OpenSSH\;C:\ProgramData\chocolatey\bin;C:\Program Files\GDAL;C:\Program Files\Git\cmd;C:\Program Files\nodejs\;C:\Program Files\dotnet\;C:\Program Files\Java\jdk-17.0.2;C:\Android\Sdk\emulator;C:\Android\Sdk\tools;C:\Android\Sdk\tools\bin;C:\Android\Sdk\plataform-tools;C:\Users\Annakks\AppData\Local\Programs\Python\Python36\Scripts\;C:\Users\Annakks\AppData\Local\Programs\Python\Python36\;C:\Users\Annakks\AppData\Local\Programs\Python\Python39\Scripts\;C:\Users\Annakks\AppData\Local\Programs\Python\Python39\;C:\Python39\Scripts\;C:\Python39\;C:\Users\Annakks\AppData\Local\Microsoft\WindowsApps;C:\Users\Annakks\AppData\Local\Programs\Microsoft VS Code\bin;C:\Program Files\heroku\bin;C:\Users\Annakks\AppData\Local\GitHubDesktop\bin;C:\Users\Annakks\AppData\Roaming\npm

Yarn version: 
  1.22.19

Node version: 
  16.15.0

Platform: 
  win32 x64

Trace: 
  Error: getaddrinfo ENOTFOUND registry.yarnpkg.com
      at GetAddrInfoReqWrap.onlookup [as oncomplete] (node:dns:71:26)

npm manifest: 
  {
    "name": "aplicacao_node",
    "version": "1.0.0",
    "main": "index.js",
    "license": "MIT"
  }

yarn manifest: 
  No manifest

Lockfile: 
  No lockfile
